<?xml version="1.0" encoding="UTF-8"?>
<testng-results ignored="0" total="1" passed="1" failed="0" skipped="0">
  <reporter-output>
  </reporter-output>
  <suite started-at="2025-11-24T16:05:23 IST" name="Surefire suite" finished-at="2025-11-24T16:05:34 IST" duration-ms="11029">
    <groups>
    </groups>
    <test started-at="2025-11-24T16:05:23 IST" name="Surefire test" finished-at="2025-11-24T16:05:34 IST" duration-ms="11029">
      <class name="m1.CheckBoxTest">
        <test-method is-config="true" signature="launchBrowser()[pri:0, instance:m1.CheckBoxTest@59505b48]" started-at="2025-11-24T16:05:23 IST" name="launchBrowser" finished-at="2025-11-24T16:05:26 IST" duration-ms="2787" status="PASS">
          <reporter-output>
          </reporter-output>
        </test-method> <!-- launchBrowser -->
        <test-method signature="verifyCheckBox()[pri:0, instance:m1.CheckBoxTest@59505b48]" started-at="2025-11-24T16:05:26 IST" name="verifyCheckBox" finished-at="2025-11-24T16:05:34 IST" duration-ms="7925" status="PASS">
          <reporter-output>
          </reporter-output>
        </test-method> <!-- verifyCheckBox -->
        <test-method is-config="true" signature="browserClose()[pri:0, instance:m1.CheckBoxTest@59505b48]" started-at="2025-11-24T16:05:34 IST" name="browserClose" finished-at="2025-11-24T16:05:34 IST" duration-ms="276" status="PASS">
          <reporter-output>
          </reporter-output>
        </test-method> <!-- browserClose -->
      </class> <!-- m1.CheckBoxTest -->
    </test> <!-- Surefire test -->
  </suite> <!-- Surefire suite -->
</testng-results>
