<?xml version="1.0" encoding="UTF-8"?>
<testng-results ignored="0" total="1" passed="1" failed="0" skipped="0">
  <reporter-output>
  </reporter-output>
  <suite started-at="2025-11-24T16:53:24 IST" name="SmokeSuite" finished-at="2025-11-24T16:53:36 IST" duration-ms="11381">
    <groups>
    </groups>
    <test started-at="2025-11-24T16:53:24 IST" name="Test" finished-at="2025-11-24T16:53:36 IST" duration-ms="11381">
      <class name="m1.SelectDemo">
        <test-method is-config="true" signature="launchBrowser()[pri:0, instance:m1.SelectDemo@76012793]" started-at="2025-11-24T16:53:24 IST" name="launchBrowser" finished-at="2025-11-24T16:53:28 IST" duration-ms="3552" status="PASS">
          <reporter-output>
          </reporter-output>
        </test-method> <!-- launchBrowser -->
        <test-method signature="selectTestCheck()[pri:0, instance:m1.SelectDemo@76012793]" started-at="2025-11-24T16:53:28 IST" name="selectTestCheck" finished-at="2025-11-24T16:53:35 IST" duration-ms="7474" status="PASS">
          <reporter-output>
          </reporter-output>
        </test-method> <!-- selectTestCheck -->
        <test-method is-config="true" signature="browserClose()[pri:0, instance:m1.SelectDemo@76012793]" started-at="2025-11-24T16:53:35 IST" name="browserClose" finished-at="2025-11-24T16:53:36 IST" duration-ms="306" status="PASS">
          <reporter-output>
          </reporter-output>
        </test-method> <!-- browserClose -->
      </class> <!-- m1.SelectDemo -->
    </test> <!-- Test -->
  </suite> <!-- SmokeSuite -->
</testng-results>
